Removed Pin From Net: NetName=NetLED1_2 Pin=R1-1
Removed Pin From Net: NetName=NetLED2_2 Pin=R2-1
Removed Pin From Net: NetName=NetLED3_2 Pin=R3-1
Removed Pin From Net: NetName=NetLED4_2 Pin=R4-1
Removed Pin From Net: NetName=NetLED5_2 Pin=R5-1
Removed Pin From Net: NetName=NetLED6_2 Pin=R6-1
Removed Pin From Net: NetName=NetLED7_2 Pin=R7-1
Removed Pin From Net: NetName=NetLED8_2 Pin=R8-1
Removed Member From Class: ClassName=Bargraph_64 Member=R1
Removed Member From Class: ClassName=Bargraph_64 Member=R2
Removed Member From Class: ClassName=Bargraph_64 Member=R3
Removed Member From Class: ClassName=Bargraph_64 Member=R4
Removed Member From Class: ClassName=Bargraph_64 Member=R5
Removed Member From Class: ClassName=Bargraph_64 Member=R6
Removed Member From Class: ClassName=Bargraph_64 Member=R7
Removed Member From Class: ClassName=Bargraph_64 Member=R8
Added Pin To Net: NetName=NetLED8_2 Pin=J1-5
Added Pin To Net: NetName=NetLED7_2 Pin=J1-6
Added Pin To Net: NetName=NetLED6_2 Pin=J1-7
Added Pin To Net: NetName=NetLED5_2 Pin=J1-8
Added Pin To Net: NetName=NetLED4_2 Pin=J1-9
Added Pin To Net: NetName=NetLED3_2 Pin=J1-10
Added Pin To Net: NetName=NetLED2_2 Pin=J1-11
Added Pin To Net: NetName=NetLED1_2 Pin=J1-12
Change Net Name : Old Net Name=NetLED1_2 New Net Name=NetJ1_12
Change Net Name : Old Net Name=NetLED2_2 New Net Name=NetJ1_11
Change Net Name : Old Net Name=NetLED3_2 New Net Name=NetJ1_10
Change Net Name : Old Net Name=NetLED4_2 New Net Name=NetJ1_9
Change Net Name : Old Net Name=NetLED5_2 New Net Name=NetJ1_8
Change Net Name : Old Net Name=NetLED6_2 New Net Name=NetJ1_7
Change Net Name : Old Net Name=NetLED7_2 New Net Name=NetJ1_6
Change Net Name : Old Net Name=NetLED8_2 New Net Name=NetJ1_5
Added Room: Name=Bargraph_64
