Removed Pin From Net: NetName=NetD1_1 Pin=D1-1
Removed Pin From Net: NetName=NetC7_2 Pin=D2-3
Removed Pin From Net: NetName=+5 Pin=J1-2
Removed Pin From Net: NetName=NetJ2_2 Pin=J2-2
Removed Pin From Net: NetName=NetJ2_3 Pin=J2-3
Removed Pin From Net: NetName=NetJ3_1 Pin=J3-1
Removed Pin From Net: NetName=NetJ3_2 Pin=J3-2
Removed Pin From Net: NetName=NetJ3_3 Pin=J3-3
Removed Pin From Net: NetName=NetJ3_4 Pin=J3-4
Removed Pin From Net: NetName=NetJ3_5 Pin=J3-5
Removed Pin From Net: NetName=NetJ3_6 Pin=J3-6
Removed Pin From Net: NetName=NetJ3_7 Pin=J3-7
Removed Pin From Net: NetName=NetJ3_8 Pin=J3-8
Removed Pin From Net: NetName=NetJ3_9 Pin=J3-9
Removed Pin From Net: NetName=NetJ3_10 Pin=J3-10
Removed Pin From Net: NetName=NetJ3_11 Pin=J3-11
Removed Pin From Net: NetName=NetJ3_12 Pin=J3-12
Removed Pin From Net: NetName=NetJ3_13 Pin=J3-13
Removed Pin From Net: NetName=NetJ3_14 Pin=J3-14
Removed Pin From Net: NetName=NetJ3_15 Pin=J3-15
Removed Pin From Net: NetName=NetJ3_16 Pin=J3-16
Removed Pin From Net: NetName=NetIC1_33 Pin=P1-3
Removed Pin From Net: NetName=NetIC1_10 Pin=P1-4
Removed Pin From Net: NetName=GND Pin=R1-1
Removed Pin From Net: NetName=NetIC1_36 Pin=R1-2
Removed Pin From Net: NetName=NetC7_2 Pin=R4-1
Removed Pin From Net: NetName=GND Pin=R4-2
Removed Pin From Net: NetName=NetD1_1 Pin=U1-1
Change Component Footprint: Designator=J1 Old Footprint=691102710003 New Footprint=4pos
Change Component Footprint: Designator=R1 Old Footprint=RESC1608X55X30ML20T20 New Footprint=FP-CF18-MFG
Change Component Footprint: Designator=R3 Old Footprint=RESC1608X55X30ML20T20 New Footprint=RESC1609X50X30ML10T20
Change Component Footprint: Designator=R4 Old Footprint=RESC1608X55X30ML20T20 New Footprint=RESC1609X50X30ML10T20
Change Component Footprint: Designator=P1 Old Footprint=SMTC-TSW-104-08-X-S New Footprint=61300311121
Change Component Comment : Designator=R3 Old Comment=2k 5% 0603 New Comment=1k 5% 0603
Change Component Comment : Designator=R4 Old Comment=2k 5% 0603 New Comment=1k 5% 0603
Change Component Comment : Designator=R1 Old Comment=2k 5% 0603 New Comment=CF18JT2K20
Change Component Comment : Designator=J1 Old Comment=691102710003 New Comment=CON_4
Change Component Comment : Designator=P1 Old Comment=TSW-104-08-L-S New Comment=61300311121
Change Component Designator: OldDesignator=C1 NewDesignator=C6
Change Component Designator: OldDesignator=C4 NewDesignator=C9
Change Component Designator: OldDesignator=C5 NewDesignator=C7
Change Component Designator: OldDesignator=C6 NewDesignator=C8
Change Component Designator: OldDesignator=C7 NewDesignator=C10
Change Component Designator: OldDesignator=D1 NewDesignator=D2
Change Component Designator: OldDesignator=D2 NewDesignator=D5
Change Component Designator: OldDesignator=J2 NewDesignator=J3
Change Component Designator: OldDesignator=R2 NewDesignator=R25
Change Managed Component Library Link : Designator=P1 Old VaultGUID=B7D15EC3-160A-466F-A46C-7801FE6295A7 New VaultGUID=B7D15EC3-160A-466F-A46C-7801FE6295A7 Old ItemGUID=19B483DD-D6C9-4AA3-AC01-2E71CA2FEE85 New ItemGUID=269DF539-B4AC-4FD7-969B-C5D684274D8B Old RevisionGUID=DB25211F-72C6-466C-A977-3B16503E9B1F New RevisionGUID=31603ED1-16CA-4CE6-9EAD-47559F8C87F5
Change Managed Component Library Link : Designator=R1 Old VaultGUID=B7D15EC3-160A-466F-A46C-7801FE6295A7 New VaultGUID=B7D15EC3-160A-466F-A46C-7801FE6295A7 Old ItemGUID=D64983AD-669D-44DA-A6F2-5A4FBB40743B New ItemGUID=8B688DC4-10BE-4234-BFB5-652C9EFE92B0 Old RevisionGUID=D8FD534E-A5ED-41BA-A77A-60F7D3ECD494 New RevisionGUID=11AC5996-5E21-45BB-9A53-1C92DDE2C5E0
Change Managed Component Library Link : Designator=R3 Old VaultGUID=B7D15EC3-160A-466F-A46C-7801FE6295A7 New VaultGUID=B7D15EC3-160A-466F-A46C-7801FE6295A7 Old ItemGUID=D64983AD-669D-44DA-A6F2-5A4FBB40743B New ItemGUID=A50A4B9F-CA53-4EAD-8188-B1A7057D315A Old RevisionGUID=D8FD534E-A5ED-41BA-A77A-60F7D3ECD494 New RevisionGUID=FB688F6C-CA55-4E6E-8E9D-FF10FD3C91CB
Change Managed Component Library Link : Designator=R4 Old VaultGUID=B7D15EC3-160A-466F-A46C-7801FE6295A7 New VaultGUID=B7D15EC3-160A-466F-A46C-7801FE6295A7 Old ItemGUID=D64983AD-669D-44DA-A6F2-5A4FBB40743B New ItemGUID=A50A4B9F-CA53-4EAD-8188-B1A7057D315A Old RevisionGUID=D8FD534E-A5ED-41BA-A77A-60F7D3ECD494 New RevisionGUID=FB688F6C-CA55-4E6E-8E9D-FF10FD3C91CB
Change Managed Component Library Link : Designator=J1 Old VaultGUID=B7D15EC3-160A-466F-A46C-7801FE6295A7 New VaultGUID= Old ItemGUID=86D76B09-8965-43D9-9502-50F39ED33119 New ItemGUID= Old RevisionGUID=C5BBCB8B-1635-43E5-9543-FC9A592EB80C New RevisionGUID=
Change component parameters: Designator = "R3" ("R3"); Footprint = "RESC1608X55X30ML20T20"; UniqueID = "\EYQYECAM" ("\EYQYECAM")
Change component parameters (AddParameter): Name = "Manufacturer"; Value = "Vishay Dale"; VariantName = "[No Variations]"
Change component parameters (AddParameter): Name = "Part Number"; Value = "CRCW060347K0FKEA"; VariantName = "[No Variations]"
Change component parameters: Designator = "R4" ("R4"); Footprint = "RESC1608X55X30ML20T20"; UniqueID = "\GYHDQGIM" ("\GYHDQGIM")
Change component parameters (AddParameter): Name = "Manufacturer"; Value = "Vishay Dale"; VariantName = "[No Variations]"
Change component parameters (AddParameter): Name = "Part Number"; Value = "CRCW060347K0FKEA"; VariantName = "[No Variations]"
Change component parameters: Designator = "J1" ("J1"); Footprint = "691102710003"; UniqueID = "\GZFGPZBA" ("\GZFGPZBA")
Change component parameters (AddParameter): Name = "Contact Resistance"; Value = "20mOhm"; VariantName = "[No Variations]"
Change component parameters (AddParameter): Name = "Datasheet URL"; Value = "https://katalog.we-online.de/em/datasheet/6130xx11121.pdf"; VariantName = "[No Variations]"
Change component parameters (AddParameter): Name = "Gender"; Value = "Male"; VariantName = "[No Variations]"
Change component parameters (AddParameter): Name = "Manufacturer"; Value = "Wurth Elektronik"; VariantName = "[No Variations]"
Change component parameters (AddParameter): Name = "Manufacturer URL"; Value = "http://www.we-online.de"; VariantName = "[No Variations]"
Change component parameters (AddParameter): Name = "Mounting Technology"; Value = "THT"; VariantName = "[No Variations]"
Change component parameters (AddParameter): Name = "Operating Temperature"; Value = "-40to105degC"; VariantName = "[No Variations]"
Change component parameters (AddParameter): Name = "Orientation"; Value = "Vertical"; VariantName = "[No Variations]"
Change component parameters (AddParameter): Name = "Package Reference"; Value = "61300311121"; VariantName = "[No Variations]"
Change component parameters (AddParameter): Name = "Packaging"; Value = "Bag"; VariantName = "[No Variations]"
Change component parameters (AddParameter): Name = "Part Number"; Value = "61300311121"; VariantName = "[No Variations]"
Change component parameters (AddParameter): Name = "Pin Number"; Value = "3"; VariantName = "[No Variations]"
Change component parameters (AddParameter): Name = "Pitch"; Value = "2.54mm"; VariantName = "[No Variations]"
Change component parameters (AddParameter): Name = "Publisher"; Value = "WurthElektronik"; VariantName = "[No Variations]"
Change component parameters (AddParameter): Name = "Rated Current"; Value = "3A"; VariantName = "[No Variations]"
Change component parameters (AddParameter): Name = "Row Number"; Value = "Single"; VariantName = "[No Variations]"
Change component parameters (AddParameter): Name = "Withstanding Voltage"; Value = "500VAC"; VariantName = "[No Variations]"
Change component parameters (AddParameter): Name = "Working Voltage"; Value = "250VAC"; VariantName = "[No Variations]"
Change component parameters: Designator = "R1" ("R1"); Footprint = "RESC1608X55X30ML20T20"; UniqueID = "\LTALDDMY" ("\LTALDDMY")
Change component parameters (AddParameter): Name = "Automotive"; Value = "No"; VariantName = "[No Variations]"
Change component parameters (AddParameter): Name = "Category"; Value = "Res"; VariantName = "[No Variations]"
Change component parameters (AddParameter): Name = "ComponentLink2Description"; Value = "Datasheet"; VariantName = "[No Variations]"
Change component parameters (AddParameter): Name = "ComponentLink2URL"; Value = "https://www.seielect.com/catalog/sei-cf_cfm.pdf"; VariantName = "[No Variations]"
Change component parameters (AddParameter): Name = "Composition"; Value = "Carbon Film"; VariantName = "[No Variations]"
Change component parameters (AddParameter): Name = "Device Class L1"; Value = "Passive Components"; VariantName = "[No Variations]"
Change component parameters (AddParameter): Name = "Device Class L2"; Value = "Resistors"; VariantName = "[No Variations]"
Change component parameters (AddParameter): Name = "Device Class L3"; Value = "Through-Hole Resistors"; VariantName = "[No Variations]"
Change component parameters (AddParameter): Name = "Digikey Description"; Value = "RES 2.2K OHM 1/8W 5% CF AXIAL"; VariantName = "[No Variations]"
Change component parameters (AddParameter): Name = "Height"; Value = "2mm"; VariantName = "[No Variations]"
Change component parameters (AddParameter): Name = "Ipc Land Pattern Name"; Value = "RESAD656W65L360D200"; VariantName = "[No Variations]"
Change component parameters (AddParameter): Name = "Lead Free"; Value = "Yes"; VariantName = "[No Variations]"
Change component parameters (AddParameter): Name = "Manufacturer"; Value = "Stackpole Electronics Inc"; VariantName = "[No Variations]"
Change component parameters (AddParameter): Name = "Manufacturer Part Number"; Value = "CF18JT2K20"; VariantName = "[No Variations]"
Change component parameters (AddParameter): Name = "Octopart"; Value = "https://octopart.com/cf18jt2k20-stackpole+electronics-19205714"; VariantName = "[No Variations]"
Change component parameters (AddParameter): Name = "Package"; Value = "CF18"; VariantName = "[No Variations]"
Change component parameters (AddParameter): Name = "Power Rating"; Value = "0.125W"; VariantName = "[No Variations]"
Change component parameters (AddParameter): Name = "Resistance"; Value = "2.2k?"; VariantName = "[No Variations]"
Change component parameters (AddParameter): Name = "RoHS"; Value = "TRUE"; VariantName = "[No Variations]"
Change component parameters (AddParameter): Name = "Series"; Value = "CF"; VariantName = "[No Variations]"
Change component parameters (AddParameter): Name = "Temperature"; Value = "-55°C to +155°C"; VariantName = "[No Variations]"
Change component parameters (AddParameter): Name = "Temperature Coefficient"; Value = "0/-400ppm/°C"; VariantName = "[No Variations]"
Change component parameters (AddParameter): Name = "Temperature Range High"; Value = "+155°C"; VariantName = "[No Variations]"
Change component parameters (AddParameter): Name = "Temperature Range Low"; Value = "-55°C"; VariantName = "[No Variations]"
Change component parameters (AddParameter): Name = "Tolerance"; Value = "5%"; VariantName = "[No Variations]"
Change component parameters (AddParameter): Name = "Value"; Value = "2.2k?"; VariantName = "[No Variations]"
Change component parameters (AddParameter): Name = "Voltage Rating"; Value = "250V"; VariantName = "[No Variations]"
Change component parameters: Designator = "P1" ("P1"); Footprint = "SMTC-TSW-104-08-X-S"; UniqueID = "\SIRSZSPL" ("\SIRSZSPL")
Change component parameters (AddParameter): Name = "Contact Resistance"; Value = "20mOhm"; VariantName = "[No Variations]"
Change component parameters (AddParameter): Name = "Datasheet URL"; Value = "https://katalog.we-online.de/em/datasheet/6130xx11121.pdf"; VariantName = "[No Variations]"
Change component parameters (AddParameter): Name = "Gender"; Value = "Male"; VariantName = "[No Variations]"
Change component parameters (AddParameter): Name = "Manufacturer"; Value = "Wurth Elektronik"; VariantName = "[No Variations]"
Change component parameters (AddParameter): Name = "Manufacturer URL"; Value = "http://www.we-online.de"; VariantName = "[No Variations]"
Change component parameters (AddParameter): Name = "Mounting Technology"; Value = "THT"; VariantName = "[No Variations]"
Change component parameters (AddParameter): Name = "Operating Temperature"; Value = "-40to105degC"; VariantName = "[No Variations]"
Change component parameters (AddParameter): Name = "Orientation"; Value = "Vertical"; VariantName = "[No Variations]"
Change component parameters (AddParameter): Name = "Package Reference"; Value = "61300311121"; VariantName = "[No Variations]"
Change component parameters (AddParameter): Name = "Packaging"; Value = "Bag"; VariantName = "[No Variations]"
Change component parameters (AddParameter): Name = "Part Number"; Value = "61300311121"; VariantName = "[No Variations]"
Change component parameters (AddParameter): Name = "Pin Number"; Value = "3"; VariantName = "[No Variations]"
Change component parameters (AddParameter): Name = "Pitch"; Value = "2.54mm"; VariantName = "[No Variations]"
Change component parameters (AddParameter): Name = "Publisher"; Value = "WurthElektronik"; VariantName = "[No Variations]"
Change component parameters (AddParameter): Name = "Rated Current"; Value = "3A"; VariantName = "[No Variations]"
Change component parameters (AddParameter): Name = "Row Number"; Value = "Single"; VariantName = "[No Variations]"
Change component parameters (AddParameter): Name = "Withstanding Voltage"; Value = "500VAC"; VariantName = "[No Variations]"
Change component parameters (AddParameter): Name = "Working Voltage"; Value = "250VAC"; VariantName = "[No Variations]"
Added Component: Designator=C1(CAPC1608X90X20LL10)
Add component (AddParameter): Name = "Capacitance"; Value = "100nF"; VariantName = "[No Variations]"
Add component (AddParameter): Name = "Case Code (Imperial)"; Value = "0603"; VariantName = "[No Variations]"
Add component (AddParameter): Name = "Case Code (Metric)"; Value = "1608"; VariantName = "[No Variations]"
Add component (AddParameter): Name = "Case/Package"; Value = "0603"; VariantName = "[No Variations]"
Add component (AddParameter): Name = "Composition"; Value = "Ceramic"; VariantName = "[No Variations]"
Add component (AddParameter): Name = "Datasheet URL"; Value = "https://product.tdk.com/info/en/catalog/datasheets/mlcc_automotive_general_en.pdf"; VariantName = "[No Variations]"
Add component (AddParameter): Name = "Datasheet Version"; Value = "12/2014"; VariantName = "[No Variations]"
Add component (AddParameter): Name = "Depth"; Value = "0.8mm"; VariantName = "[No Variations]"
Add component (AddParameter): Name = "Dielectric"; Value = "X7R"; VariantName = "[No Variations]"
Add component (AddParameter): Name = "Height"; Value = "0.8mm"; VariantName = "[No Variations]"
Add component (AddParameter): Name = "Lead Free"; Value = "LeadFree"; VariantName = "[No Variations]"
Add component (AddParameter): Name = "Length"; Value = "1.6mm"; VariantName = "[No Variations]"
Add component (AddParameter): Name = "Manufacturer"; Value = "TDK"; VariantName = "[No Variations]"
Add component (AddParameter): Name = "Manufacturer URL"; Value = "http://www.tdk.com/"; VariantName = "[No Variations]"
Add component (AddParameter): Name = "Max Operating Temperature"; Value = "125degC"; VariantName = "[No Variations]"
Add component (AddParameter): Name = "Min Operating Temperature"; Value = "-55degC"; VariantName = "[No Variations]"
Add component (AddParameter): Name = "Mount"; Value = "SurfaceMount"; VariantName = "[No Variations]"
Add component (AddParameter): Name = "Mounting Technology"; Value = "SurfaceMount"; VariantName = "[No Variations]"
Add component (AddParameter): Name = "Package Description"; Value = "2-Pin Surface Mount Device, Body 1.6 x 0.8 mm"; VariantName = "[No Variations]"
Add component (AddParameter): Name = "Package Quantity"; Value = "1"; VariantName = "[No Variations]"
Add component (AddParameter): Name = "Package Reference"; Value = "603"; VariantName = "[No Variations]"
Add component (AddParameter): Name = "Packaging"; Value = "TapeandReel"; VariantName = "[No Variations]"
Add component (AddParameter): Name = "Radiation Hardening"; Value = "No"; VariantName = "[No Variations]"
Add component (AddParameter): Name = "REACH SVHC"; Value = "NoSVHC"; VariantName = "[No Variations]"
Add component (AddParameter): Name = "RoHSCompliant"; Value = "True"; VariantName = "[No Variations]"
Add component (AddParameter): Name = "Termination"; Value = "SMD/SMT"; VariantName = "[No Variations]"
Add component (AddParameter): Name = "Thickness"; Value = "0.035inch"; VariantName = "[No Variations]"
Add component (AddParameter): Name = "Tolerance"; Value = "10%"; VariantName = "[No Variations]"
Add component (AddParameter): Name = "Voltage"; Value = "50V"; VariantName = "[No Variations]"
Add component (AddParameter): Name = "Voltage Rating"; Value = "50V"; VariantName = "[No Variations]"
Add component (AddParameter): Name = "Voltage Rating (DC)"; Value = "50V"; VariantName = "[No Variations]"
Add component (AddParameter): Name = "Weight"; Value = "7.1E-05oz"; VariantName = "[No Variations]"
Add component (AddParameter): Name = "Width"; Value = "0.8mm"; VariantName = "[No Variations]"
Added Component: Designator=C4(CAPC1608X90X20LL10)
Add component (AddParameter): Name = "Capacitance"; Value = "100nF"; VariantName = "[No Variations]"
Add component (AddParameter): Name = "Case Code (Imperial)"; Value = "0603"; VariantName = "[No Variations]"
Add component (AddParameter): Name = "Case Code (Metric)"; Value = "1608"; VariantName = "[No Variations]"
Add component (AddParameter): Name = "Case/Package"; Value = "0603"; VariantName = "[No Variations]"
Add component (AddParameter): Name = "Composition"; Value = "Ceramic"; VariantName = "[No Variations]"
Add component (AddParameter): Name = "Datasheet URL"; Value = "https://product.tdk.com/info/en/catalog/datasheets/mlcc_automotive_general_en.pdf"; VariantName = "[No Variations]"
Add component (AddParameter): Name = "Datasheet Version"; Value = "12/2014"; VariantName = "[No Variations]"
Add component (AddParameter): Name = "Depth"; Value = "0.8mm"; VariantName = "[No Variations]"
Add component (AddParameter): Name = "Dielectric"; Value = "X7R"; VariantName = "[No Variations]"
Add component (AddParameter): Name = "Height"; Value = "0.8mm"; VariantName = "[No Variations]"
Add component (AddParameter): Name = "Lead Free"; Value = "LeadFree"; VariantName = "[No Variations]"
Add component (AddParameter): Name = "Length"; Value = "1.6mm"; VariantName = "[No Variations]"
Add component (AddParameter): Name = "Manufacturer"; Value = "TDK"; VariantName = "[No Variations]"
Add component (AddParameter): Name = "Manufacturer URL"; Value = "http://www.tdk.com/"; VariantName = "[No Variations]"
Add component (AddParameter): Name = "Max Operating Temperature"; Value = "125degC"; VariantName = "[No Variations]"
Add component (AddParameter): Name = "Min Operating Temperature"; Value = "-55degC"; VariantName = "[No Variations]"
Add component (AddParameter): Name = "Mount"; Value = "SurfaceMount"; VariantName = "[No Variations]"
Add component (AddParameter): Name = "Mounting Technology"; Value = "SurfaceMount"; VariantName = "[No Variations]"
Add component (AddParameter): Name = "Package Description"; Value = "2-Pin Surface Mount Device, Body 1.6 x 0.8 mm"; VariantName = "[No Variations]"
Add component (AddParameter): Name = "Package Quantity"; Value = "1"; VariantName = "[No Variations]"
Add component (AddParameter): Name = "Package Reference"; Value = "603"; VariantName = "[No Variations]"
Add component (AddParameter): Name = "Packaging"; Value = "TapeandReel"; VariantName = "[No Variations]"
Add component (AddParameter): Name = "Radiation Hardening"; Value = "No"; VariantName = "[No Variations]"
Add component (AddParameter): Name = "REACH SVHC"; Value = "NoSVHC"; VariantName = "[No Variations]"
Add component (AddParameter): Name = "RoHSCompliant"; Value = "True"; VariantName = "[No Variations]"
Add component (AddParameter): Name = "Termination"; Value = "SMD/SMT"; VariantName = "[No Variations]"
Add component (AddParameter): Name = "Thickness"; Value = "0.035inch"; VariantName = "[No Variations]"
Add component (AddParameter): Name = "Tolerance"; Value = "10%"; VariantName = "[No Variations]"
Add component (AddParameter): Name = "Voltage"; Value = "50V"; VariantName = "[No Variations]"
Add component (AddParameter): Name = "Voltage Rating"; Value = "50V"; VariantName = "[No Variations]"
Add component (AddParameter): Name = "Voltage Rating (DC)"; Value = "50V"; VariantName = "[No Variations]"
Add component (AddParameter): Name = "Weight"; Value = "7.1E-05oz"; VariantName = "[No Variations]"
Add component (AddParameter): Name = "Width"; Value = "0.8mm"; VariantName = "[No Variations]"
Added Component: Designator=C5(PNSC-ECA-1VM221-2)
Add component (AddParameter): Name = "Capacitance"; Value = "220µF"; VariantName = "[No Variations]"
Add component (AddParameter): Name = "Case Size/Dimension"; Value = "O8x11.5mm"; VariantName = "[No Variations]"
Add component (AddParameter): Name = "Datasheet URL"; Value = "https://datasheet.ciiva.com/26341/441851-da-01-en-elko-eca1vm221-m-r-220myf-35v-85c-26341906.pdf"; VariantName = "[No Variations]"
Add component (AddParameter): Name = "Datasheet Version"; Value = "Mar-06"; VariantName = "[No Variations]"
Add component (AddParameter): Name = "Lifetime@Temperature"; Value = "2000Hrs@85degC"; VariantName = "[No Variations]"
Add component (AddParameter): Name = "Manufacturer"; Value = "Panasonic"; VariantName = "[No Variations]"
Add component (AddParameter): Name = "Manufacturer URL"; Value = "http://www.panasonic.com/"; VariantName = "[No Variations]"
Add component (AddParameter): Name = "Operating Temp Range"; Value = "-40to+85degC"; VariantName = "[No Variations]"
Add component (AddParameter): Name = "Operating Temp-Max"; Value = "85degC"; VariantName = "[No Variations]"
Add component (AddParameter): Name = "Package Description"; Value = "2-Pin Axial Lead, Dia 8 mm, Body Length 12.5 mm"; VariantName = "[No Variations]"
Add component (AddParameter): Name = "Package Reference"; Value = "ECA-1VM221"; VariantName = "[No Variations]"
Add component (AddParameter): Name = "Rated Voltage"; Value = "35V"; VariantName = "[No Variations]"
Add component (AddParameter): Name = "Ripple Current"; Value = "350mA"; VariantName = "[No Variations]"
Add component (AddParameter): Name = "Series"; Value = "M"; VariantName = "[No Variations]"
Add component (AddParameter): Name = "Type"; Value = "Radial"; VariantName = "[No Variations]"
Added Component: Designator=C11(SAMS-C0603-2_M)
Add component (AddParameter): Name = "Capacitance"; Value = "0.1µF"; VariantName = "[No Variations]"
Add component (AddParameter): Name = "Case Size/Dimension"; Value = "0603"; VariantName = "[No Variations]"
Add component (AddParameter): Name = "Datasheet URL"; Value = "https://datasheet.ciiva.com/29198/456651-da-01-en-vs-kondensator-0605-29198839.pdf"; VariantName = "[No Variations]"
Add component (AddParameter): Name = "Datasheet Version"; Value = "Nov-10"; VariantName = "[No Variations]"
Add component (AddParameter): Name = "Dielectric"; Value = "X7R"; VariantName = "[No Variations]"
Add component (AddParameter): Name = "Manufacturer"; Value = "Samsung Electro-Mechanics"; VariantName = "[No Variations]"
Add component (AddParameter): Name = "Manufacturer URL"; Value = "http://www.samsungsem.com/global/index.jsp"; VariantName = "[No Variations]"
Add component (AddParameter): Name = "Rated Voltage"; Value = "50V"; VariantName = "[No Variations]"
Add component (AddParameter): Name = "Tolerance (%)"; Value = "±10%"; VariantName = "[No Variations]"
Added Component: Designator=D1(INF-SOT23_L)
Add component (AddParameter): Name = "ComponentLink1Description"; Value = "Manufacturer URL"; VariantName = "[No Variations]"
Add component (AddParameter): Name = "ComponentLink1URL"; Value = "http://www.infineon.com/"; VariantName = "[No Variations]"
Add component (AddParameter): Name = "ComponentLink2Description"; Value = "Datasheet"; VariantName = "[No Variations]"
Add component (AddParameter): Name = "ComponentLink2URL"; Value = "http://www.infineon.com/dgdl/bas70_bas170series.pdf?folderId=db3a30431400ef68011425f1ca2505e3&fileId=db3a304314dca389011518ad41680e12"; VariantName = "[No Variations]"
Add component (AddParameter): Name = "ComponentLink3Description"; Value = "Package Specification"; VariantName = "[No Variations]"
Add component (AddParameter): Name = "ComponentLink3URL"; Value = "http://www.infineon.com/dgdl/SOT23-Package_Overview.pdf?folderId=db3a30431936bc4b0119532290053c66&fileId=db3a30431936bc4b0119533468123c85"; VariantName = "[No Variations]"
Add component (AddParameter): Name = "Configuration"; Value = "Dual"; VariantName = "[No Variations]"
Add component (AddParameter): Name = "CT (max)"; Value = "2Â pF"; VariantName = "[No Variations]"
Add component (AddParameter): Name = "Green"; Value = "TRUE"; VariantName = "[No Variations]"
Add component (AddParameter): Name = "IF (max)"; Value = "70Â mA"; VariantName = "[No Variations]"
Add component (AddParameter): Name = "Manufacturer"; Value = "Infineon"; VariantName = "[No Variations]"
Add component (AddParameter): Name = "Mounting Technology"; Value = "Surface Mount"; VariantName = "[No Variations]"
Add component (AddParameter): Name = "PackageDescription"; Value = "3-Pin Small Outline Transistor Package, 1.3 x 2.9 mm Body, 0.95 mm Pitch"; VariantName = "[No Variations]"
Add component (AddParameter): Name = "PackageReference"; Value = "SOT23"; VariantName = "[No Variations]"
Add component (AddParameter): Name = "PackageVersion"; Value = "Apr-08"; VariantName = "[No Variations]"
Add component (AddParameter): Name = "Packing"; Value = "Reel"; VariantName = "[No Variations]"
Add component (AddParameter): Name = "PartNumber"; Value = "BAS70-05"; VariantName = "[No Variations]"
Add component (AddParameter): Name = "VF (max)"; Value = "1,000Â mV"; VariantName = "[No Variations]"
Add component (AddParameter): Name = "VR (max)"; Value = "70Â V"; VariantName = "[No Variations]"
Added Component: Designator=D3(INF-SOT23_L)
Add component (AddParameter): Name = "ComponentLink1Description"; Value = "Manufacturer URL"; VariantName = "[No Variations]"
Add component (AddParameter): Name = "ComponentLink1URL"; Value = "http://www.infineon.com/"; VariantName = "[No Variations]"
Add component (AddParameter): Name = "ComponentLink2Description"; Value = "Datasheet"; VariantName = "[No Variations]"
Add component (AddParameter): Name = "ComponentLink2URL"; Value = "http://www.infineon.com/dgdl/bas40_bas140series.pdf?folderId=db3a30431400ef68011425f1ca2505e3&fileId=db3a304314dca389011518a57ed20e11"; VariantName = "[No Variations]"
Add component (AddParameter): Name = "ComponentLink3Description"; Value = "Package Specification"; VariantName = "[No Variations]"
Add component (AddParameter): Name = "ComponentLink3URL"; Value = "http://www.infineon.com/dgdl/SOT23-Package_Overview.pdf?folderId=db3a30431936bc4b0119532290053c66&fileId=db3a30431936bc4b0119533468123c85"; VariantName = "[No Variations]"
Add component (AddParameter): Name = "Configuration"; Value = "Single"; VariantName = "[No Variations]"
Add component (AddParameter): Name = "CT (max)"; Value = "5Â pF"; VariantName = "[No Variations]"
Add component (AddParameter): Name = "Green"; Value = "TRUE"; VariantName = "[No Variations]"
Add component (AddParameter): Name = "IF (max)"; Value = "120Â mA"; VariantName = "[No Variations]"
Add component (AddParameter): Name = "Manufacturer"; Value = "Infineon"; VariantName = "[No Variations]"
Add component (AddParameter): Name = "Mounting Technology"; Value = "Surface Mount"; VariantName = "[No Variations]"
Add component (AddParameter): Name = "PackageDescription"; Value = "3-Pin Small Outline Transistor Package, 1.3 x 2.9 mm Body, 0.95 mm Pitch"; VariantName = "[No Variations]"
Add component (AddParameter): Name = "PackageReference"; Value = "SOT23"; VariantName = "[No Variations]"
Add component (AddParameter): Name = "PackageVersion"; Value = "Apr-08"; VariantName = "[No Variations]"
Add component (AddParameter): Name = "Packing"; Value = "Reel"; VariantName = "[No Variations]"
Add component (AddParameter): Name = "PartNumber"; Value = "BAS40"; VariantName = "[No Variations]"
Add component (AddParameter): Name = "VF (max)"; Value = "1,000Â mV"; VariantName = "[No Variations]"
Add component (AddParameter): Name = "VR (max)"; Value = "40Â V"; VariantName = "[No Variations]"
Added Component: Designator=D4(INF-SOT23_L)
Add component (AddParameter): Name = "ComponentLink1Description"; Value = "Manufacturer URL"; VariantName = "[No Variations]"
Add component (AddParameter): Name = "ComponentLink1URL"; Value = "http://www.infineon.com/"; VariantName = "[No Variations]"
Add component (AddParameter): Name = "ComponentLink2Description"; Value = "Datasheet"; VariantName = "[No Variations]"
Add component (AddParameter): Name = "ComponentLink2URL"; Value = "http://www.infineon.com/dgdl/bas40_bas140series.pdf?folderId=db3a30431400ef68011425f1ca2505e3&fileId=db3a304314dca389011518a57ed20e11"; VariantName = "[No Variations]"
Add component (AddParameter): Name = "ComponentLink3Description"; Value = "Package Specification"; VariantName = "[No Variations]"
Add component (AddParameter): Name = "ComponentLink3URL"; Value = "http://www.infineon.com/dgdl/SOT23-Package_Overview.pdf?folderId=db3a30431936bc4b0119532290053c66&fileId=db3a30431936bc4b0119533468123c85"; VariantName = "[No Variations]"
Add component (AddParameter): Name = "Configuration"; Value = "Single"; VariantName = "[No Variations]"
Add component (AddParameter): Name = "CT (max)"; Value = "5Â pF"; VariantName = "[No Variations]"
Add component (AddParameter): Name = "Green"; Value = "TRUE"; VariantName = "[No Variations]"
Add component (AddParameter): Name = "IF (max)"; Value = "120Â mA"; VariantName = "[No Variations]"
Add component (AddParameter): Name = "Manufacturer"; Value = "Infineon"; VariantName = "[No Variations]"
Add component (AddParameter): Name = "Mounting Technology"; Value = "Surface Mount"; VariantName = "[No Variations]"
Add component (AddParameter): Name = "PackageDescription"; Value = "3-Pin Small Outline Transistor Package, 1.3 x 2.9 mm Body, 0.95 mm Pitch"; VariantName = "[No Variations]"
Add component (AddParameter): Name = "PackageReference"; Value = "SOT23"; VariantName = "[No Variations]"
Add component (AddParameter): Name = "PackageVersion"; Value = "Apr-08"; VariantName = "[No Variations]"
Add component (AddParameter): Name = "Packing"; Value = "Reel"; VariantName = "[No Variations]"
Add component (AddParameter): Name = "PartNumber"; Value = "BAS40"; VariantName = "[No Variations]"
Add component (AddParameter): Name = "VF (max)"; Value = "1,000Â mV"; VariantName = "[No Variations]"
Add component (AddParameter): Name = "VR (max)"; Value = "40Â V"; VariantName = "[No Variations]"
Added Component: Designator=D6(ONSC-SOT-23-3-318-08_V)
Add component (AddParameter): Name = "ComponentLink1Description"; Value = "Manufacturer URL"; VariantName = "[No Variations]"
Add component (AddParameter): Name = "ComponentLink1URL"; Value = "http://www.onsemi.com/"; VariantName = "[No Variations]"
Add component (AddParameter): Name = "ComponentLink2Description"; Value = "Datasheet"; VariantName = "[No Variations]"
Add component (AddParameter): Name = "ComponentLink2URL"; Value = "http://www.onsemi.cn/pub_link/Collateral/BAS40-04LT1-D.PDF"; VariantName = "[No Variations]"
Add component (AddParameter): Name = "ComponentLink3Description"; Value = "Package Specification"; VariantName = "[No Variations]"
Add component (AddParameter): Name = "ComponentLink3URL"; Value = "http://www.onsemi.cn/pub_link/Collateral/318-08.PDF"; VariantName = "[No Variations]"
Add component (AddParameter): Name = "Configuration"; Value = "Series"; VariantName = "[No Variations]"
Add component (AddParameter): Name = "DatasheetVersion"; Value = "Rev. 11"; VariantName = "[No Variations]"
Add component (AddParameter): Name = "Manufacturer"; Value = "On Semiconductor"; VariantName = "[No Variations]"
Add component (AddParameter): Name = "Mounting Technology"; Value = "Surface Mount"; VariantName = "[No Variations]"
Add component (AddParameter): Name = "PackageDescription"; Value = "3-Pin Small Outline Transistor, Body 2.92 x 1.3 mm, Pitch 0.95 mm"; VariantName = "[No Variations]"
Add component (AddParameter): Name = "PackageReference"; Value = "SOT-23-3-318-08"; VariantName = "[No Variations]"
Add component (AddParameter): Name = "PackageVersion"; Value = "Rev. AP, 11/2009"; VariantName = "[No Variations]"
Add component (AddParameter): Name = "Packing"; Value = "Tape and Reel"; VariantName = "[No Variations]"
Add component (AddParameter): Name = "PartNumber"; Value = "BAS40-04LT1G"; VariantName = "[No Variations]"
Add component (AddParameter): Name = "RoHS"; Value = "TRUE"; VariantName = "[No Variations]"
Added Component: Designator=J2(4pos)
Add component (AddParameter): Name = "Contact Resistance"; Value = "20mOhm"; VariantName = "[No Variations]"
Add component (AddParameter): Name = "Datasheet URL"; Value = "https://katalog.we-online.de/em/datasheet/6130xx11121.pdf"; VariantName = "[No Variations]"
Add component (AddParameter): Name = "Gender"; Value = "Male"; VariantName = "[No Variations]"
Add component (AddParameter): Name = "Manufacturer"; Value = "Wurth Elektronik"; VariantName = "[No Variations]"
Add component (AddParameter): Name = "Manufacturer URL"; Value = "http://www.we-online.de"; VariantName = "[No Variations]"
Add component (AddParameter): Name = "Mounting Technology"; Value = "THT"; VariantName = "[No Variations]"
Add component (AddParameter): Name = "Operating Temperature"; Value = "-40to105degC"; VariantName = "[No Variations]"
Add component (AddParameter): Name = "Orientation"; Value = "Vertical"; VariantName = "[No Variations]"
Add component (AddParameter): Name = "Package Reference"; Value = "61300311121"; VariantName = "[No Variations]"
Add component (AddParameter): Name = "Packaging"; Value = "Bag"; VariantName = "[No Variations]"
Add component (AddParameter): Name = "Part Number"; Value = "61300311121"; VariantName = "[No Variations]"
Add component (AddParameter): Name = "Pin Number"; Value = "3"; VariantName = "[No Variations]"
Add component (AddParameter): Name = "Pitch"; Value = "2.54mm"; VariantName = "[No Variations]"
Add component (AddParameter): Name = "Publisher"; Value = "WurthElektronik"; VariantName = "[No Variations]"
Add component (AddParameter): Name = "Rated Current"; Value = "3A"; VariantName = "[No Variations]"
Add component (AddParameter): Name = "Row Number"; Value = "Single"; VariantName = "[No Variations]"
Add component (AddParameter): Name = "Withstanding Voltage"; Value = "500VAC"; VariantName = "[No Variations]"
Add component (AddParameter): Name = "Working Voltage"; Value = "250VAC"; VariantName = "[No Variations]"
Added Component: Designator=J4(16pos_127)
Add component (AddParameter): Name = "ComponentLink1Description"; Value = "Manufacturer URL"; VariantName = "[No Variations]"
Add component (AddParameter): Name = "ComponentLink1URL"; Value = "http://www.samtec.com"; VariantName = "[No Variations]"
Add component (AddParameter): Name = "ComponentLink2Description"; Value = "Datasheet"; VariantName = "[No Variations]"
Add component (AddParameter): Name = "ComponentLink2URL"; Value = "http://www.samtec.com/documents/webfiles/pdf/SSW_TH.PDF"; VariantName = "[No Variations]"
Add component (AddParameter): Name = "ComponentLink3Description"; Value = "Package Specification"; VariantName = "[No Variations]"
Add component (AddParameter): Name = "ComponentLink3URL"; Value = "http://www.samtec.com/documents/webfiles/cpdf/SSW-1XX-XX-XXX-X-XX-XXX-XX-MKT.pdf"; VariantName = "[No Variations]"
Add component (AddParameter): Name = "DatasheetVersion"; Value = "F-214"; VariantName = "[No Variations]"
Add component (AddParameter): Name = "Manufacturer"; Value = "Samtec"; VariantName = "[No Variations]"
Add component (AddParameter): Name = "Mounting Technology"; Value = "Through-hole"; VariantName = "[No Variations]"
Add component (AddParameter): Name = "Orientation"; Value = "Vertical"; VariantName = "[No Variations]"
Add component (AddParameter): Name = "PackageDescription"; Value = "Assembly, Socket Strip .016 X .031 Tail"; VariantName = "[No Variations]"
Add component (AddParameter): Name = "PackageReference"; Value = "SSW-116-02-X-S"; VariantName = "[No Variations]"
Add component (AddParameter): Name = "PackageVersion"; Value = "CA, 6/1987"; VariantName = "[No Variations]"
Add component (AddParameter): Name = "PartNumber"; Value = "SSW-116-02-G-S"; VariantName = "[No Variations]"
Add component (AddParameter): Name = "Pitch"; Value = "2.54 mm"; VariantName = "[No Variations]"
Add component (AddParameter): Name = "RoHS"; Value = "True"; VariantName = "[No Variations]"
Add component (AddParameter): Name = "Temperature Range"; Value = "-55 to 125 degC"; VariantName = "[No Variations]"
Added Component: Designator=Q1(FAIR-FDV303N-3_V)
Add component (AddParameter): Name = "Category"; Value = "MOSFET"; VariantName = "[No Variations]"
Add component (AddParameter): Name = "Channel Mode"; Value = "Enhancement"; VariantName = "[No Variations]"
Add component (AddParameter): Name = "Channel Type"; Value = "N"; VariantName = "[No Variations]"
Add component (AddParameter): Name = "Datasheet URL"; Value = "https://datasheet.ciiva.com/22681/1845307-22681736.pdf"; VariantName = "[No Variations]"
Add component (AddParameter): Name = "Datasheet Version"; Value = "Rev. D2, 07/2014"; VariantName = "[No Variations]"
Add component (AddParameter): Name = "Manufacturer"; Value = "Fairchild"; VariantName = "[No Variations]"
Add component (AddParameter): Name = "Manufacturer URL"; Value = "https://www.fairchildsemi.com/"; VariantName = "[No Variations]"
Add component (AddParameter): Name = "Maximum Continuous Drain Current"; Value = "0.68A"; VariantName = "[No Variations]"
Add component (AddParameter): Name = "Maximum Drain Source Voltage"; Value = "25V"; VariantName = "[No Variations]"
Add component (AddParameter): Name = "Maximum Gate Source Voltage"; Value = "8V"; VariantName = "[No Variations]"
Add component (AddParameter): Name = "Mounting"; Value = "SurfaceMount"; VariantName = "[No Variations]"
Add component (AddParameter): Name = "Operating Temperature"; Value = "-55to150degC"; VariantName = "[No Variations]"
Add component (AddParameter): Name = "Package"; Value = "3SOT-23"; VariantName = "[No Variations]"
Add component (AddParameter): Name = "Packaging"; Value = "Tape&Reel"; VariantName = "[No Variations]"
Add component (AddParameter): Name = "Rad Hard"; Value = "No"; VariantName = "[No Variations]"
Add component (AddParameter): Name = "RDS-on"; Value = "450@4.5VmOhm"; VariantName = "[No Variations]"
Add component (AddParameter): Name = "Typical Fall Time"; Value = "13ns"; VariantName = "[No Variations]"
Add component (AddParameter): Name = "Typical Rise Time"; Value = "8.5ns"; VariantName = "[No Variations]"
Add component (AddParameter): Name = "Typical Turn-Off Delay Time"; Value = "17ns"; VariantName = "[No Variations]"
Add component (AddParameter): Name = "Typical Turn-On Delay Time"; Value = "3ns"; VariantName = "[No Variations]"
Added Component: Designator=Q2(FAIR-FDV303N-3_V)
Add component (AddParameter): Name = "Category"; Value = "MOSFET"; VariantName = "[No Variations]"
Add component (AddParameter): Name = "Channel Mode"; Value = "Enhancement"; VariantName = "[No Variations]"
Add component (AddParameter): Name = "Channel Type"; Value = "N"; VariantName = "[No Variations]"
Add component (AddParameter): Name = "Datasheet URL"; Value = "https://datasheet.ciiva.com/22681/1845307-22681736.pdf"; VariantName = "[No Variations]"
Add component (AddParameter): Name = "Datasheet Version"; Value = "Rev. D2, 07/2014"; VariantName = "[No Variations]"
Add component (AddParameter): Name = "Manufacturer"; Value = "Fairchild"; VariantName = "[No Variations]"
Add component (AddParameter): Name = "Manufacturer URL"; Value = "https://www.fairchildsemi.com/"; VariantName = "[No Variations]"
Add component (AddParameter): Name = "Maximum Continuous Drain Current"; Value = "0.68A"; VariantName = "[No Variations]"
Add component (AddParameter): Name = "Maximum Drain Source Voltage"; Value = "25V"; VariantName = "[No Variations]"
Add component (AddParameter): Name = "Maximum Gate Source Voltage"; Value = "8V"; VariantName = "[No Variations]"
Add component (AddParameter): Name = "Mounting"; Value = "SurfaceMount"; VariantName = "[No Variations]"
Add component (AddParameter): Name = "Operating Temperature"; Value = "-55to150degC"; VariantName = "[No Variations]"
Add component (AddParameter): Name = "Package"; Value = "3SOT-23"; VariantName = "[No Variations]"
Add component (AddParameter): Name = "Packaging"; Value = "Tape&Reel"; VariantName = "[No Variations]"
Add component (AddParameter): Name = "Rad Hard"; Value = "No"; VariantName = "[No Variations]"
Add component (AddParameter): Name = "RDS-on"; Value = "450@4.5VmOhm"; VariantName = "[No Variations]"
Add component (AddParameter): Name = "Typical Fall Time"; Value = "13ns"; VariantName = "[No Variations]"
Add component (AddParameter): Name = "Typical Rise Time"; Value = "8.5ns"; VariantName = "[No Variations]"
Add component (AddParameter): Name = "Typical Turn-Off Delay Time"; Value = "17ns"; VariantName = "[No Variations]"
Add component (AddParameter): Name = "Typical Turn-On Delay Time"; Value = "3ns"; VariantName = "[No Variations]"
Added Component: Designator=Q3(FAIR-FDV303N-3_V)
Add component (AddParameter): Name = "Category"; Value = "MOSFET"; VariantName = "[No Variations]"
Add component (AddParameter): Name = "Channel Mode"; Value = "Enhancement"; VariantName = "[No Variations]"
Add component (AddParameter): Name = "Channel Type"; Value = "N"; VariantName = "[No Variations]"
Add component (AddParameter): Name = "Datasheet URL"; Value = "https://datasheet.ciiva.com/22681/1845307-22681736.pdf"; VariantName = "[No Variations]"
Add component (AddParameter): Name = "Datasheet Version"; Value = "Rev. D2, 07/2014"; VariantName = "[No Variations]"
Add component (AddParameter): Name = "Manufacturer"; Value = "Fairchild"; VariantName = "[No Variations]"
Add component (AddParameter): Name = "Manufacturer URL"; Value = "https://www.fairchildsemi.com/"; VariantName = "[No Variations]"
Add component (AddParameter): Name = "Maximum Continuous Drain Current"; Value = "0.68A"; VariantName = "[No Variations]"
Add component (AddParameter): Name = "Maximum Drain Source Voltage"; Value = "25V"; VariantName = "[No Variations]"
Add component (AddParameter): Name = "Maximum Gate Source Voltage"; Value = "8V"; VariantName = "[No Variations]"
Add component (AddParameter): Name = "Mounting"; Value = "SurfaceMount"; VariantName = "[No Variations]"
Add component (AddParameter): Name = "Operating Temperature"; Value = "-55to150degC"; VariantName = "[No Variations]"
Add component (AddParameter): Name = "Package"; Value = "3SOT-23"; VariantName = "[No Variations]"
Add component (AddParameter): Name = "Packaging"; Value = "Tape&Reel"; VariantName = "[No Variations]"
Add component (AddParameter): Name = "Rad Hard"; Value = "No"; VariantName = "[No Variations]"
Add component (AddParameter): Name = "RDS-on"; Value = "450@4.5VmOhm"; VariantName = "[No Variations]"
Add component (AddParameter): Name = "Typical Fall Time"; Value = "13ns"; VariantName = "[No Variations]"
Add component (AddParameter): Name = "Typical Rise Time"; Value = "8.5ns"; VariantName = "[No Variations]"
Add component (AddParameter): Name = "Typical Turn-Off Delay Time"; Value = "17ns"; VariantName = "[No Variations]"
Add component (AddParameter): Name = "Typical Turn-On Delay Time"; Value = "3ns"; VariantName = "[No Variations]"
Added Component: Designator=Q4(FAIR-FDV303N-3_V)
Add component (AddParameter): Name = "Category"; Value = "MOSFET"; VariantName = "[No Variations]"
Add component (AddParameter): Name = "Channel Mode"; Value = "Enhancement"; VariantName = "[No Variations]"
Add component (AddParameter): Name = "Channel Type"; Value = "N"; VariantName = "[No Variations]"
Add component (AddParameter): Name = "Datasheet URL"; Value = "https://datasheet.ciiva.com/22681/1845307-22681736.pdf"; VariantName = "[No Variations]"
Add component (AddParameter): Name = "Datasheet Version"; Value = "Rev. D2, 07/2014"; VariantName = "[No Variations]"
Add component (AddParameter): Name = "Manufacturer"; Value = "Fairchild"; VariantName = "[No Variations]"
Add component (AddParameter): Name = "Manufacturer URL"; Value = "https://www.fairchildsemi.com/"; VariantName = "[No Variations]"
Add component (AddParameter): Name = "Maximum Continuous Drain Current"; Value = "0.68A"; VariantName = "[No Variations]"
Add component (AddParameter): Name = "Maximum Drain Source Voltage"; Value = "25V"; VariantName = "[No Variations]"
Add component (AddParameter): Name = "Maximum Gate Source Voltage"; Value = "8V"; VariantName = "[No Variations]"
Add component (AddParameter): Name = "Mounting"; Value = "SurfaceMount"; VariantName = "[No Variations]"
Add component (AddParameter): Name = "Operating Temperature"; Value = "-55to150degC"; VariantName = "[No Variations]"
Add component (AddParameter): Name = "Package"; Value = "3SOT-23"; VariantName = "[No Variations]"
Add component (AddParameter): Name = "Packaging"; Value = "Tape&Reel"; VariantName = "[No Variations]"
Add component (AddParameter): Name = "Rad Hard"; Value = "No"; VariantName = "[No Variations]"
Add component (AddParameter): Name = "RDS-on"; Value = "450@4.5VmOhm"; VariantName = "[No Variations]"
Add component (AddParameter): Name = "Typical Fall Time"; Value = "13ns"; VariantName = "[No Variations]"
Add component (AddParameter): Name = "Typical Rise Time"; Value = "8.5ns"; VariantName = "[No Variations]"
Add component (AddParameter): Name = "Typical Turn-Off Delay Time"; Value = "17ns"; VariantName = "[No Variations]"
Add component (AddParameter): Name = "Typical Turn-On Delay Time"; Value = "3ns"; VariantName = "[No Variations]"
Added Component: Designator=Q5(FAIR-FDV303N-3_V)
Add component (AddParameter): Name = "Category"; Value = "MOSFET"; VariantName = "[No Variations]"
Add component (AddParameter): Name = "Channel Mode"; Value = "Enhancement"; VariantName = "[No Variations]"
Add component (AddParameter): Name = "Channel Type"; Value = "N"; VariantName = "[No Variations]"
Add component (AddParameter): Name = "Datasheet URL"; Value = "https://datasheet.ciiva.com/22681/1845307-22681736.pdf"; VariantName = "[No Variations]"
Add component (AddParameter): Name = "Datasheet Version"; Value = "Rev. D2, 07/2014"; VariantName = "[No Variations]"
Add component (AddParameter): Name = "Manufacturer"; Value = "Fairchild"; VariantName = "[No Variations]"
Add component (AddParameter): Name = "Manufacturer URL"; Value = "https://www.fairchildsemi.com/"; VariantName = "[No Variations]"
Add component (AddParameter): Name = "Maximum Continuous Drain Current"; Value = "0.68A"; VariantName = "[No Variations]"
Add component (AddParameter): Name = "Maximum Drain Source Voltage"; Value = "25V"; VariantName = "[No Variations]"
Add component (AddParameter): Name = "Maximum Gate Source Voltage"; Value = "8V"; VariantName = "[No Variations]"
Add component (AddParameter): Name = "Mounting"; Value = "SurfaceMount"; VariantName = "[No Variations]"
Add component (AddParameter): Name = "Operating Temperature"; Value = "-55to150degC"; VariantName = "[No Variations]"
Add component (AddParameter): Name = "Package"; Value = "3SOT-23"; VariantName = "[No Variations]"
Add component (AddParameter): Name = "Packaging"; Value = "Tape&Reel"; VariantName = "[No Variations]"
Add component (AddParameter): Name = "Rad Hard"; Value = "No"; VariantName = "[No Variations]"
Add component (AddParameter): Name = "RDS-on"; Value = "450@4.5VmOhm"; VariantName = "[No Variations]"
Add component (AddParameter): Name = "Typical Fall Time"; Value = "13ns"; VariantName = "[No Variations]"
Add component (AddParameter): Name = "Typical Rise Time"; Value = "8.5ns"; VariantName = "[No Variations]"
Add component (AddParameter): Name = "Typical Turn-Off Delay Time"; Value = "17ns"; VariantName = "[No Variations]"
Add component (AddParameter): Name = "Typical Turn-On Delay Time"; Value = "3ns"; VariantName = "[No Variations]"
Added Component: Designator=Q6(FAIR-FDV303N-3_V)
Add component (AddParameter): Name = "Category"; Value = "MOSFET"; VariantName = "[No Variations]"
Add component (AddParameter): Name = "Channel Mode"; Value = "Enhancement"; VariantName = "[No Variations]"
Add component (AddParameter): Name = "Channel Type"; Value = "N"; VariantName = "[No Variations]"
Add component (AddParameter): Name = "Datasheet URL"; Value = "https://datasheet.ciiva.com/22681/1845307-22681736.pdf"; VariantName = "[No Variations]"
Add component (AddParameter): Name = "Datasheet Version"; Value = "Rev. D2, 07/2014"; VariantName = "[No Variations]"
Add component (AddParameter): Name = "Manufacturer"; Value = "Fairchild"; VariantName = "[No Variations]"
Add component (AddParameter): Name = "Manufacturer URL"; Value = "https://www.fairchildsemi.com/"; VariantName = "[No Variations]"
Add component (AddParameter): Name = "Maximum Continuous Drain Current"; Value = "0.68A"; VariantName = "[No Variations]"
Add component (AddParameter): Name = "Maximum Drain Source Voltage"; Value = "25V"; VariantName = "[No Variations]"
Add component (AddParameter): Name = "Maximum Gate Source Voltage"; Value = "8V"; VariantName = "[No Variations]"
Add component (AddParameter): Name = "Mounting"; Value = "SurfaceMount"; VariantName = "[No Variations]"
Add component (AddParameter): Name = "Operating Temperature"; Value = "-55to150degC"; VariantName = "[No Variations]"
Add component (AddParameter): Name = "Package"; Value = "3SOT-23"; VariantName = "[No Variations]"
Add component (AddParameter): Name = "Packaging"; Value = "Tape&Reel"; VariantName = "[No Variations]"
Add component (AddParameter): Name = "Rad Hard"; Value = "No"; VariantName = "[No Variations]"
Add component (AddParameter): Name = "RDS-on"; Value = "450@4.5VmOhm"; VariantName = "[No Variations]"
Add component (AddParameter): Name = "Typical Fall Time"; Value = "13ns"; VariantName = "[No Variations]"
Add component (AddParameter): Name = "Typical Rise Time"; Value = "8.5ns"; VariantName = "[No Variations]"
Add component (AddParameter): Name = "Typical Turn-Off Delay Time"; Value = "17ns"; VariantName = "[No Variations]"
Add component (AddParameter): Name = "Typical Turn-On Delay Time"; Value = "3ns"; VariantName = "[No Variations]"
Added Component: Designator=Q7(FAIR-FDV303N-3_V)
Add component (AddParameter): Name = "Category"; Value = "MOSFET"; VariantName = "[No Variations]"
Add component (AddParameter): Name = "Channel Mode"; Value = "Enhancement"; VariantName = "[No Variations]"
Add component (AddParameter): Name = "Channel Type"; Value = "N"; VariantName = "[No Variations]"
Add component (AddParameter): Name = "Datasheet URL"; Value = "https://datasheet.ciiva.com/22681/1845307-22681736.pdf"; VariantName = "[No Variations]"
Add component (AddParameter): Name = "Datasheet Version"; Value = "Rev. D2, 07/2014"; VariantName = "[No Variations]"
Add component (AddParameter): Name = "Manufacturer"; Value = "Fairchild"; VariantName = "[No Variations]"
Add component (AddParameter): Name = "Manufacturer URL"; Value = "https://www.fairchildsemi.com/"; VariantName = "[No Variations]"
Add component (AddParameter): Name = "Maximum Continuous Drain Current"; Value = "0.68A"; VariantName = "[No Variations]"
Add component (AddParameter): Name = "Maximum Drain Source Voltage"; Value = "25V"; VariantName = "[No Variations]"
Add component (AddParameter): Name = "Maximum Gate Source Voltage"; Value = "8V"; VariantName = "[No Variations]"
Add component (AddParameter): Name = "Mounting"; Value = "SurfaceMount"; VariantName = "[No Variations]"
Add component (AddParameter): Name = "Operating Temperature"; Value = "-55to150degC"; VariantName = "[No Variations]"
Add component (AddParameter): Name = "Package"; Value = "3SOT-23"; VariantName = "[No Variations]"
Add component (AddParameter): Name = "Packaging"; Value = "Tape&Reel"; VariantName = "[No Variations]"
Add component (AddParameter): Name = "Rad Hard"; Value = "No"; VariantName = "[No Variations]"
Add component (AddParameter): Name = "RDS-on"; Value = "450@4.5VmOhm"; VariantName = "[No Variations]"
Add component (AddParameter): Name = "Typical Fall Time"; Value = "13ns"; VariantName = "[No Variations]"
Add component (AddParameter): Name = "Typical Rise Time"; Value = "8.5ns"; VariantName = "[No Variations]"
Add component (AddParameter): Name = "Typical Turn-Off Delay Time"; Value = "17ns"; VariantName = "[No Variations]"
Add component (AddParameter): Name = "Typical Turn-On Delay Time"; Value = "3ns"; VariantName = "[No Variations]"
Added Component: Designator=Q8(FAIR-FDV303N-3_V)
Add component (AddParameter): Name = "Category"; Value = "MOSFET"; VariantName = "[No Variations]"
Add component (AddParameter): Name = "Channel Mode"; Value = "Enhancement"; VariantName = "[No Variations]"
Add component (AddParameter): Name = "Channel Type"; Value = "N"; VariantName = "[No Variations]"
Add component (AddParameter): Name = "Datasheet URL"; Value = "https://datasheet.ciiva.com/22681/1845307-22681736.pdf"; VariantName = "[No Variations]"
Add component (AddParameter): Name = "Datasheet Version"; Value = "Rev. D2, 07/2014"; VariantName = "[No Variations]"
Add component (AddParameter): Name = "Manufacturer"; Value = "Fairchild"; VariantName = "[No Variations]"
Add component (AddParameter): Name = "Manufacturer URL"; Value = "https://www.fairchildsemi.com/"; VariantName = "[No Variations]"
Add component (AddParameter): Name = "Maximum Continuous Drain Current"; Value = "0.68A"; VariantName = "[No Variations]"
Add component (AddParameter): Name = "Maximum Drain Source Voltage"; Value = "25V"; VariantName = "[No Variations]"
Add component (AddParameter): Name = "Maximum Gate Source Voltage"; Value = "8V"; VariantName = "[No Variations]"
Add component (AddParameter): Name = "Mounting"; Value = "SurfaceMount"; VariantName = "[No Variations]"
Add component (AddParameter): Name = "Operating Temperature"; Value = "-55to150degC"; VariantName = "[No Variations]"
Add component (AddParameter): Name = "Package"; Value = "3SOT-23"; VariantName = "[No Variations]"
Add component (AddParameter): Name = "Packaging"; Value = "Tape&Reel"; VariantName = "[No Variations]"
Add component (AddParameter): Name = "Rad Hard"; Value = "No"; VariantName = "[No Variations]"
Add component (AddParameter): Name = "RDS-on"; Value = "450@4.5VmOhm"; VariantName = "[No Variations]"
Add component (AddParameter): Name = "Typical Fall Time"; Value = "13ns"; VariantName = "[No Variations]"
Add component (AddParameter): Name = "Typical Rise Time"; Value = "8.5ns"; VariantName = "[No Variations]"
Add component (AddParameter): Name = "Typical Turn-Off Delay Time"; Value = "17ns"; VariantName = "[No Variations]"
Add component (AddParameter): Name = "Typical Turn-On Delay Time"; Value = "3ns"; VariantName = "[No Variations]"
Added Component: Designator=R2(RESC1609X50X30ML10T20)
Add component (AddParameter): Name = "Manufacturer"; Value = "Vishay Dale"; VariantName = "[No Variations]"
Add component (AddParameter): Name = "Part Number"; Value = "CRCW060347K0FKEA"; VariantName = "[No Variations]"
Added Component: Designator=R5(RESC1609X50X30ML10T20)
Add component (AddParameter): Name = "Manufacturer"; Value = "Vishay Dale"; VariantName = "[No Variations]"
Add component (AddParameter): Name = "Part Number"; Value = "CRCW060347K0FKEA"; VariantName = "[No Variations]"
Added Component: Designator=R6(FP-CF18-MFG)
Add component (AddParameter): Name = "Automotive"; Value = "No"; VariantName = "[No Variations]"
Add component (AddParameter): Name = "Category"; Value = "Res"; VariantName = "[No Variations]"
Add component (AddParameter): Name = "ComponentLink2Description"; Value = "Datasheet"; VariantName = "[No Variations]"
Add component (AddParameter): Name = "ComponentLink2URL"; Value = "https://www.seielect.com/catalog/sei-cf_cfm.pdf"; VariantName = "[No Variations]"
Add component (AddParameter): Name = "Composition"; Value = "Carbon Film"; VariantName = "[No Variations]"
Add component (AddParameter): Name = "Device Class L1"; Value = "Passive Components"; VariantName = "[No Variations]"
Add component (AddParameter): Name = "Device Class L2"; Value = "Resistors"; VariantName = "[No Variations]"
Add component (AddParameter): Name = "Device Class L3"; Value = "Through-Hole Resistors"; VariantName = "[No Variations]"
Add component (AddParameter): Name = "Digikey Description"; Value = "RES 2.2K OHM 1/8W 5% CF AXIAL"; VariantName = "[No Variations]"
Add component (AddParameter): Name = "Height"; Value = "2mm"; VariantName = "[No Variations]"
Add component (AddParameter): Name = "Ipc Land Pattern Name"; Value = "RESAD656W65L360D200"; VariantName = "[No Variations]"
Add component (AddParameter): Name = "Lead Free"; Value = "Yes"; VariantName = "[No Variations]"
Add component (AddParameter): Name = "Manufacturer"; Value = "Stackpole Electronics Inc"; VariantName = "[No Variations]"
Add component (AddParameter): Name = "Manufacturer Part Number"; Value = "CF18JT2K20"; VariantName = "[No Variations]"
Add component (AddParameter): Name = "Octopart"; Value = "https://octopart.com/cf18jt2k20-stackpole+electronics-19205714"; VariantName = "[No Variations]"
Add component (AddParameter): Name = "Package"; Value = "CF18"; VariantName = "[No Variations]"
Add component (AddParameter): Name = "Power Rating"; Value = "0.125W"; VariantName = "[No Variations]"
Add component (AddParameter): Name = "Resistance"; Value = "2.2k?"; VariantName = "[No Variations]"
Add component (AddParameter): Name = "RoHS"; Value = "TRUE"; VariantName = "[No Variations]"
Add component (AddParameter): Name = "Series"; Value = "CF"; VariantName = "[No Variations]"
Add component (AddParameter): Name = "Temperature"; Value = "-55°C to +155°C"; VariantName = "[No Variations]"
Add component (AddParameter): Name = "Temperature Coefficient"; Value = "0/-400ppm/°C"; VariantName = "[No Variations]"
Add component (AddParameter): Name = "Temperature Range High"; Value = "+155°C"; VariantName = "[No Variations]"
Add component (AddParameter): Name = "Temperature Range Low"; Value = "-55°C"; VariantName = "[No Variations]"
Add component (AddParameter): Name = "Tolerance"; Value = "5%"; VariantName = "[No Variations]"
Add component (AddParameter): Name = "Value"; Value = "2.2k?"; VariantName = "[No Variations]"
Add component (AddParameter): Name = "Voltage Rating"; Value = "250V"; VariantName = "[No Variations]"
Added Component: Designator=R7(RESC1608X55X30ML20T20)
Add component (AddParameter): Name = "Manufacturer"; Value = "Panasonic"; VariantName = "[No Variations]"
Add component (AddParameter): Name = "Part Number"; Value = "ERA3AEB102V"; VariantName = "[No Variations]"
Added Component: Designator=R8(RESC1608X55X30ML20T20)
Add component (AddParameter): Name = "Manufacturer"; Value = "Panasonic"; VariantName = "[No Variations]"
Add component (AddParameter): Name = "Part Number"; Value = "ERA3AEB102V"; VariantName = "[No Variations]"
Added Component: Designator=R9(RESC1608X55X30ML20T20)
Add component (AddParameter): Name = "Manufacturer"; Value = "Panasonic"; VariantName = "[No Variations]"
Add component (AddParameter): Name = "Part Number"; Value = "ERA3AEB102V"; VariantName = "[No Variations]"
Added Component: Designator=R10(RESC1608X55X30ML20T20)
Add component (AddParameter): Name = "Manufacturer"; Value = "Panasonic"; VariantName = "[No Variations]"
Add component (AddParameter): Name = "Part Number"; Value = "ERA3AEB102V"; VariantName = "[No Variations]"
Added Component: Designator=R11(RESC1608X55X30ML20T20)
Add component (AddParameter): Name = "Manufacturer"; Value = "Panasonic"; VariantName = "[No Variations]"
Add component (AddParameter): Name = "Part Number"; Value = "ERA3AEB102V"; VariantName = "[No Variations]"
Added Component: Designator=R12(RESC1608X55X30ML20T20)
Add component (AddParameter): Name = "Manufacturer"; Value = "Panasonic"; VariantName = "[No Variations]"
Add component (AddParameter): Name = "Part Number"; Value = "ERA3AEB102V"; VariantName = "[No Variations]"
Added Component: Designator=R13(RESC1608X55X30ML20T20)
Add component (AddParameter): Name = "Manufacturer"; Value = "Panasonic"; VariantName = "[No Variations]"
Add component (AddParameter): Name = "Part Number"; Value = "ERA3AEB102V"; VariantName = "[No Variations]"
Added Component: Designator=R14(RESC1608X55X30ML20T20)
Add component (AddParameter): Name = "Manufacturer"; Value = "Panasonic"; VariantName = "[No Variations]"
Add component (AddParameter): Name = "Part Number"; Value = "ERA3AEB102V"; VariantName = "[No Variations]"
Added Component: Designator=R15(RESC1608X55X30ML20T20)
Add component (AddParameter): Name = "Manufacturer"; Value = "Panasonic"; VariantName = "[No Variations]"
Add component (AddParameter): Name = "Part Number"; Value = "ERA3AEB102V"; VariantName = "[No Variations]"
Added Component: Designator=R16(RESC1608X55X30ML20T20)
Add component (AddParameter): Name = "Manufacturer"; Value = "Panasonic"; VariantName = "[No Variations]"
Add component (AddParameter): Name = "Part Number"; Value = "ERA3AEB102V"; VariantName = "[No Variations]"
Added Component: Designator=R17(RESC1608X55X30ML20T20)
Add component (AddParameter): Name = "Manufacturer"; Value = "Panasonic"; VariantName = "[No Variations]"
Add component (AddParameter): Name = "Part Number"; Value = "ERA3AEB102V"; VariantName = "[No Variations]"
Added Component: Designator=R18(RESC1608X55X30ML20T20)
Add component (AddParameter): Name = "Manufacturer"; Value = "Panasonic"; VariantName = "[No Variations]"
Add component (AddParameter): Name = "Part Number"; Value = "ERA3AEB102V"; VariantName = "[No Variations]"
Added Component: Designator=R19(RESC1608X55X30ML20T20)
Add component (AddParameter): Name = "Manufacturer"; Value = "Panasonic"; VariantName = "[No Variations]"
Add component (AddParameter): Name = "Part Number"; Value = "ERA3AEB102V"; VariantName = "[No Variations]"
Added Component: Designator=R20(RESC1608X55X30ML20T20)
Add component (AddParameter): Name = "Manufacturer"; Value = "Panasonic"; VariantName = "[No Variations]"
Add component (AddParameter): Name = "Part Number"; Value = "ERA3AEB102V"; VariantName = "[No Variations]"
Added Component: Designator=R21(RESC1608X55X30ML20T20)
Add component (AddParameter): Name = "Manufacturer"; Value = "Panasonic"; VariantName = "[No Variations]"
Add component (AddParameter): Name = "Part Number"; Value = "ERA3AEB102V"; VariantName = "[No Variations]"
Added Component: Designator=R22(RESC1608X55X30ML20T20)
Add component (AddParameter): Name = "Manufacturer"; Value = "Panasonic"; VariantName = "[No Variations]"
Add component (AddParameter): Name = "Part Number"; Value = "ERA3AEB102V"; VariantName = "[No Variations]"
Added Component: Designator=R23(RESC1608X55X30ML20T20)
Add component (AddParameter): Name = "Manufacturer"; Value = "Panasonic"; VariantName = "[No Variations]"
Add component (AddParameter): Name = "Part Number"; Value = "ERA3AEB102V"; VariantName = "[No Variations]"
Added Component: Designator=R24(RESC1608X55X30ML20T20)
Add component (AddParameter): Name = "Manufacturer"; Value = "Panasonic"; VariantName = "[No Variations]"
Add component (AddParameter): Name = "Part Number"; Value = "ERA3AEB102V"; VariantName = "[No Variations]"
Added Component: Designator=R26(RESC1608X55X30ML20T20)
Add component (AddParameter): Name = "Manufacturer"; Value = "Panasonic"; VariantName = "[No Variations]"
Add component (AddParameter): Name = "Part Number"; Value = "ERA3AEB102V"; VariantName = "[No Variations]"
Added Component: Designator=R27(RESC1608X55X30ML20T20)
Add component (AddParameter): Name = "Manufacturer"; Value = "Panasonic"; VariantName = "[No Variations]"
Add component (AddParameter): Name = "Part Number"; Value = "ERA3AEB102V"; VariantName = "[No Variations]"
Added Component: Designator=R28(RESC1608X55X30ML20T20)
Add component (AddParameter): Name = "Manufacturer"; Value = "Panasonic"; VariantName = "[No Variations]"
Add component (AddParameter): Name = "Part Number"; Value = "ERA3AEB102V"; VariantName = "[No Variations]"
Added Component: Designator=R29(RESC1608X55X30ML20T20)
Add component (AddParameter): Name = "Manufacturer"; Value = "Panasonic"; VariantName = "[No Variations]"
Add component (AddParameter): Name = "Part Number"; Value = "ERA3AEB102V"; VariantName = "[No Variations]"
Added Component: Designator=R30(RESC1608X55X30ML20T20)
Add component (AddParameter): Name = "Manufacturer"; Value = "Panasonic"; VariantName = "[No Variations]"
Add component (AddParameter): Name = "Part Number"; Value = "ERA3AEB102V"; VariantName = "[No Variations]"
Added Component: Designator=R31(RESC1608X55X30ML20T20)
Add component (AddParameter): Name = "Manufacturer"; Value = "Panasonic"; VariantName = "[No Variations]"
Add component (AddParameter): Name = "Part Number"; Value = "ERA3AEB102V"; VariantName = "[No Variations]"
Added Component: Designator=R32(RESC1608X55X30ML20T20)
Add component (AddParameter): Name = "Manufacturer"; Value = "Panasonic"; VariantName = "[No Variations]"
Add component (AddParameter): Name = "Part Number"; Value = "ERA3AEB102V"; VariantName = "[No Variations]"
Added Component: Designator=R33(RESC1608X55X30ML20T20)
Add component (AddParameter): Name = "Manufacturer"; Value = "Panasonic"; VariantName = "[No Variations]"
Add component (AddParameter): Name = "Part Number"; Value = "ERA3AEB102V"; VariantName = "[No Variations]"
Added Component: Designator=R34(RESC1608X55X30ML20T20)
Add component (AddParameter): Name = "Manufacturer"; Value = "Panasonic"; VariantName = "[No Variations]"
Add component (AddParameter): Name = "Part Number"; Value = "ERA3AEB102V"; VariantName = "[No Variations]"
Added Component: Designator=R35(RESC1608X55X30ML20T20)
Add component (AddParameter): Name = "Manufacturer"; Value = "Panasonic"; VariantName = "[No Variations]"
Add component (AddParameter): Name = "Part Number"; Value = "ERA3AEB102V"; VariantName = "[No Variations]"
Added Component: Designator=R36(RESC1608X55X30ML20T20)
Add component (AddParameter): Name = "Manufacturer"; Value = "Panasonic"; VariantName = "[No Variations]"
Add component (AddParameter): Name = "Part Number"; Value = "ERA3AEB102V"; VariantName = "[No Variations]"
Added Component: Designator=R37(RESC1608X55X30ML20T20)
Add component (AddParameter): Name = "Manufacturer"; Value = "Panasonic"; VariantName = "[No Variations]"
Add component (AddParameter): Name = "Part Number"; Value = "ERA3AEB102V"; VariantName = "[No Variations]"
Added Component: Designator=R38(RESC1608X55X30ML20T20)
Add component (AddParameter): Name = "Manufacturer"; Value = "Panasonic"; VariantName = "[No Variations]"
Add component (AddParameter): Name = "Part Number"; Value = "ERA3AEB102V"; VariantName = "[No Variations]"
Added Component: Designator=R39(RESC1608X55X30ML20T20)
Add component (AddParameter): Name = "Manufacturer"; Value = "Panasonic"; VariantName = "[No Variations]"
Add component (AddParameter): Name = "Part Number"; Value = "ERA3AEB102V"; VariantName = "[No Variations]"
Added Component: Designator=R40(RESC1608X55X30ML20T20)
Add component (AddParameter): Name = "Manufacturer"; Value = "Panasonic"; VariantName = "[No Variations]"
Add component (AddParameter): Name = "Part Number"; Value = "ERA3AEB102V"; VariantName = "[No Variations]"
Added Component: Designator=SB1(SB0603)
Add component (AddParameter): Name = "Manufacturer"; Value = "Panasonic"; VariantName = "[No Variations]"
Add component (AddParameter): Name = "Part Number"; Value = "ERA3AEB102V"; VariantName = "[No Variations]"
Added Component: Designator=SB2(SB0603)
Add component (AddParameter): Name = "Manufacturer"; Value = "Panasonic"; VariantName = "[No Variations]"
Add component (AddParameter): Name = "Part Number"; Value = "ERA3AEB102V"; VariantName = "[No Variations]"
Added Component: Designator=SB3(SB0603)
Add component (AddParameter): Name = "Manufacturer"; Value = "Panasonic"; VariantName = "[No Variations]"
Add component (AddParameter): Name = "Part Number"; Value = "ERA3AEB102V"; VariantName = "[No Variations]"
Added Component: Designator=SB4(SB0603)
Add component (AddParameter): Name = "Manufacturer"; Value = "Panasonic"; VariantName = "[No Variations]"
Add component (AddParameter): Name = "Part Number"; Value = "ERA3AEB102V"; VariantName = "[No Variations]"
Added Pin To Net: NetName=GND Pin=C4-1
Added Pin To Net: NetName=+3V3 Pin=C4-2
Added Pin To Net: NetName=+5 Pin=C5-1
Added Pin To Net: NetName=GND Pin=C5-2
Added Pin To Net: NetName=GND Pin=C11-1
Added Pin To Net: NetName=NetD1_1 Pin=D1-1
Added Pin To Net: NetName=NetD1_1 Pin=D1-2
Added Pin To Net: NetName=+5 Pin=D1-3
Added Pin To Net: NetName=GND Pin=D6-1
Added Pin To Net: NetName=+3V3 Pin=D6-2
Added Pin To Net: NetName=GND Pin=IC1-4
Added Pin To Net: NetName=GND Pin=IC1-8
Added Pin To Net: NetName=GND Pin=IC1-9
Added Pin To Net: NetName=NetC7_2 Pin=IC1-29
Added Pin To Net: NetName=NetD1_1 Pin=J1-2
Added Pin To Net: NetName=NetJ2_2 Pin=J2-2
Added Pin To Net: NetName=NetJ2_3 Pin=J2-3
Added Pin To Net: NetName=NetJ3_1 Pin=J3-1
Added Pin To Net: NetName=NetJ3_2 Pin=J3-2
Added Pin To Net: NetName=NetJ3_3 Pin=J3-3
Added Pin To Net: NetName=NetJ3_4 Pin=J3-4
Added Pin To Net: NetName=NetJ3_5 Pin=J3-5
Added Pin To Net: NetName=NetJ3_6 Pin=J3-6
Added Pin To Net: NetName=NetJ3_7 Pin=J3-7
Added Pin To Net: NetName=NetJ3_8 Pin=J3-8
Added Pin To Net: NetName=NetJ3_9 Pin=J3-9
Added Pin To Net: NetName=NetJ3_10 Pin=J3-10
Added Pin To Net: NetName=NetJ3_11 Pin=J3-11
Added Pin To Net: NetName=NetJ3_12 Pin=J3-12
Added Pin To Net: NetName=NetJ3_13 Pin=J3-13
Added Pin To Net: NetName=NetJ3_14 Pin=J3-14
Added Pin To Net: NetName=NetJ3_15 Pin=J3-15
Added Pin To Net: NetName=NetJ3_16 Pin=J3-16
Added Pin To Net: NetName=NetJ3_1 Pin=J4-1
Added Pin To Net: NetName=NetJ3_2 Pin=J4-2
Added Pin To Net: NetName=NetJ3_3 Pin=J4-3
Added Pin To Net: NetName=NetJ3_4 Pin=J4-4
Added Pin To Net: NetName=NetJ3_13 Pin=J4-13
Added Pin To Net: NetName=NetJ3_14 Pin=J4-14
Added Pin To Net: NetName=NetJ3_15 Pin=J4-15
Added Pin To Net: NetName=NetJ3_16 Pin=J4-16
Added Pin To Net: NetName=NetIC1_35 Pin=P1-2
Added Pin To Net: NetName=NetIC1_10 Pin=P1-3
Added Pin To Net: NetName=GND Pin=Q1-2
Added Pin To Net: NetName=NetJ3_16 Pin=Q1-3
Added Pin To Net: NetName=GND Pin=Q2-2
Added Pin To Net: NetName=NetJ3_15 Pin=Q2-3
Added Pin To Net: NetName=GND Pin=Q3-2
Added Pin To Net: NetName=NetJ3_14 Pin=Q3-3
Added Pin To Net: NetName=GND Pin=Q4-2
Added Pin To Net: NetName=NetJ3_13 Pin=Q4-3
Added Pin To Net: NetName=GND Pin=Q5-2
Added Pin To Net: NetName=NetJ3_4 Pin=Q5-3
Added Pin To Net: NetName=GND Pin=Q6-2
Added Pin To Net: NetName=NetJ3_3 Pin=Q6-3
Added Pin To Net: NetName=GND Pin=Q7-2
Added Pin To Net: NetName=NetJ3_2 Pin=Q7-3
Added Pin To Net: NetName=GND Pin=Q8-2
Added Pin To Net: NetName=NetJ3_1 Pin=Q8-3
Added Pin To Net: NetName=NetJ2_3 Pin=R1-1
Added Pin To Net: NetName=NetJ2_3 Pin=R2-1
Added Pin To Net: NetName=+3V3 Pin=R4-2
Added Pin To Net: NetName=NetJ2_2 Pin=R5-2
Added Pin To Net: NetName=NetJ3_12 Pin=R7-1
Added Pin To Net: NetName=NetJ3_11 Pin=R9-1
Added Pin To Net: NetName=NetJ3_10 Pin=R11-1
Added Pin To Net: NetName=NetJ3_9 Pin=R12-1
Added Pin To Net: NetName=NetIC1_42 Pin=R12-2
Added Pin To Net: NetName=NetJ3_8 Pin=R13-1
Added Pin To Net: NetName=NetIC1_43 Pin=R13-2
Added Pin To Net: NetName=NetJ3_7 Pin=R14-1
Added Pin To Net: NetName=NetIC1_44 Pin=R14-2
Added Pin To Net: NetName=NetJ3_6 Pin=R17-1
Added Pin To Net: NetName=NetIC1_45 Pin=R17-2
Added Pin To Net: NetName=NetIC1_36 Pin=R18-1
Added Pin To Net: NetName=GND Pin=R18-2
Added Pin To Net: NetName=NetJ3_5 Pin=R19-1
Added Pin To Net: NetName=NetIC1_46 Pin=R19-2
Added Pin To Net: NetName=NetIC1_47 Pin=R20-2
Added Pin To Net: NetName=NetIC1_48 Pin=R21-2
Added Pin To Net: NetName=NetIC1_33 Pin=R30-1
Added Pin To Net: NetName=NetC7_2 Pin=R36-2
Added Pin To Net: NetName=GND Pin=R39-1
Added Pin To Net: NetName=GND Pin=R40-1
Added Pin To Net: NetName=GND Pin=SB1-2
Added Pin To Net: NetName=NetIC1_1 Pin=SB2-1
Added Pin To Net: NetName=GND Pin=SB2-2
Added Pin To Net: NetName=NetIC1_2 Pin=SB3-1
Added Pin To Net: NetName=GND Pin=SB3-2
Added Pin To Net: NetName=NetIC1_3 Pin=SB4-1
Added Pin To Net: NetName=GND Pin=SB4-2
Change Net Name : Old Net Name=NetC7_2 New Net Name=NetC10_2
Added Pin To Net: NetName=GND_ISO Pin=C1-1
Added Pin To Net: NetName=GND_ISO Pin=J2-1
Added Net: Name=GND_ISO
Added Pin To Net: NetName=NetC11_2 Pin=C11-2
Added Pin To Net: NetName=NetC11_2 Pin=IC1-12
Added Pin To Net: NetName=NetC11_2 Pin=IC1-32
Added Pin To Net: NetName=NetC11_2 Pin=R4-1
Added Pin To Net: NetName=NetC11_2 Pin=R6-2
Added Pin To Net: NetName=NetC11_2 Pin=R38-2
Added Net: Name=NetC11_2
Added Pin To Net: NetName=NetD2_1 Pin=D2-1
Added Pin To Net: NetName=NetD2_1 Pin=SB1-1
Added Pin To Net: NetName=NetD2_1 Pin=U1-1
Added Net: Name=NetD2_1
Added Pin To Net: NetName=NetD3_1 Pin=D3-1
Added Pin To Net: NetName=NetD3_1 Pin=J1-3
Added Pin To Net: NetName=NetD3_1 Pin=R35-1
Added Net: Name=NetD3_1
Added Pin To Net: NetName=NetD3_3 Pin=D3-3
Added Pin To Net: NetName=NetD3_3 Pin=R33-1
Added Net: Name=NetD3_3
Added Pin To Net: NetName=NetD4_1 Pin=D4-1
Added Pin To Net: NetName=NetD4_1 Pin=J1-4
Added Pin To Net: NetName=NetD4_1 Pin=R37-1
Added Net: Name=NetD4_1
Added Pin To Net: NetName=NetD4_3 Pin=D4-3
Added Pin To Net: NetName=NetD4_3 Pin=R34-1
Added Net: Name=NetD4_3
Added Pin To Net: NetName=NetD5_3 Pin=D5-3
Added Pin To Net: NetName=NetD5_3 Pin=R33-2
Added Pin To Net: NetName=NetD5_3 Pin=R35-2
Added Pin To Net: NetName=NetD5_3 Pin=R36-1
Added Pin To Net: NetName=NetD5_3 Pin=R39-2
Added Net: Name=NetD5_3
Added Pin To Net: NetName=NetD6_3 Pin=D6-3
Added Pin To Net: NetName=NetD6_3 Pin=R34-2
Added Pin To Net: NetName=NetD6_3 Pin=R37-2
Added Pin To Net: NetName=NetD6_3 Pin=R38-1
Added Pin To Net: NetName=NetD6_3 Pin=R40-2
Added Net: Name=NetD6_3
Added Pin To Net: NetName=NetIC1_13 Pin=IC1-13
Added Pin To Net: NetName=NetIC1_13 Pin=R8-1
Added Net: Name=NetIC1_13
Added Pin To Net: NetName=NetIC1_14 Pin=IC1-14
Added Pin To Net: NetName=NetIC1_14 Pin=R10-1
Added Net: Name=NetIC1_14
Added Pin To Net: NetName=NetIC1_15 Pin=IC1-15
Added Pin To Net: NetName=NetIC1_15 Pin=R15-1
Added Net: Name=NetIC1_15
Added Pin To Net: NetName=NetIC1_16 Pin=IC1-16
Added Pin To Net: NetName=NetIC1_16 Pin=R16-1
Added Net: Name=NetIC1_16
Added Pin To Net: NetName=NetIC1_17 Pin=IC1-17
Added Pin To Net: NetName=NetIC1_17 Pin=R22-1
Added Net: Name=NetIC1_17
Added Pin To Net: NetName=NetIC1_18 Pin=IC1-18
Added Pin To Net: NetName=NetIC1_18 Pin=R23-1
Added Net: Name=NetIC1_18
Added Pin To Net: NetName=NetIC1_19 Pin=IC1-19
Added Pin To Net: NetName=NetIC1_19 Pin=R7-2
Added Net: Name=NetIC1_19
Added Pin To Net: NetName=NetIC1_20 Pin=IC1-20
Added Pin To Net: NetName=NetIC1_20 Pin=R9-2
Added Net: Name=NetIC1_20
Added Pin To Net: NetName=NetIC1_21 Pin=IC1-21
Added Pin To Net: NetName=NetIC1_21 Pin=R11-2
Added Net: Name=NetIC1_21
Added Pin To Net: NetName=NetIC1_22 Pin=IC1-22
Added Pin To Net: NetName=NetIC1_22 Pin=R24-2
Added Net: Name=NetIC1_22
Added Pin To Net: NetName=NetIC1_23 Pin=IC1-23
Added Pin To Net: NetName=NetIC1_23 Pin=R26-2
Added Net: Name=NetIC1_23
Added Pin To Net: NetName=NetIC1_24 Pin=IC1-24
Added Pin To Net: NetName=NetIC1_24 Pin=R27-2
Added Net: Name=NetIC1_24
Added Pin To Net: NetName=NetIC1_25 Pin=IC1-25
Added Pin To Net: NetName=NetIC1_25 Pin=R28-2
Added Net: Name=NetIC1_25
Added Pin To Net: NetName=NetIC1_26 Pin=IC1-26
Added Pin To Net: NetName=NetIC1_26 Pin=R31-2
Added Net: Name=NetIC1_26
Added Pin To Net: NetName=NetIC1_27 Pin=IC1-27
Added Pin To Net: NetName=NetIC1_27 Pin=R32-2
Added Net: Name=NetIC1_27
Added Pin To Net: NetName=NetIC1_28 Pin=IC1-28
Added Pin To Net: NetName=NetIC1_28 Pin=R29-1
Added Net: Name=NetIC1_28
Added Pin To Net: NetName=NetJ4_5 Pin=J4-5
Added Pin To Net: NetName=NetJ4_5 Pin=R32-1
Added Net: Name=NetJ4_5
Added Pin To Net: NetName=NetJ4_6 Pin=J4-6
Added Pin To Net: NetName=NetJ4_6 Pin=R31-1
Added Net: Name=NetJ4_6
Added Pin To Net: NetName=NetJ4_7 Pin=J4-7
Added Pin To Net: NetName=NetJ4_7 Pin=R28-1
Added Net: Name=NetJ4_7
Added Pin To Net: NetName=NetJ4_8 Pin=J4-8
Added Pin To Net: NetName=NetJ4_8 Pin=R27-1
Added Net: Name=NetJ4_8
Added Pin To Net: NetName=NetJ4_9 Pin=J4-9
Added Pin To Net: NetName=NetJ4_9 Pin=R26-1
Added Net: Name=NetJ4_9
Added Pin To Net: NetName=NetJ4_10 Pin=J4-10
Added Pin To Net: NetName=NetJ4_10 Pin=R24-1
Added Net: Name=NetJ4_10
Added Pin To Net: NetName=NetJ4_11 Pin=J4-11
Added Pin To Net: NetName=NetJ4_11 Pin=R21-1
Added Net: Name=NetJ4_11
Added Pin To Net: NetName=NetJ4_12 Pin=J4-12
Added Pin To Net: NetName=NetJ4_12 Pin=R20-1
Added Net: Name=NetJ4_12
Added Pin To Net: NetName=NetQ1_1 Pin=Q1-1
Added Pin To Net: NetName=NetQ1_1 Pin=R8-2
Added Net: Name=NetQ1_1
Added Pin To Net: NetName=NetQ2_1 Pin=Q2-1
Added Pin To Net: NetName=NetQ2_1 Pin=R10-2
Added Net: Name=NetQ2_1
Added Pin To Net: NetName=NetQ3_1 Pin=Q3-1
Added Pin To Net: NetName=NetQ3_1 Pin=R15-2
Added Net: Name=NetQ3_1
Added Pin To Net: NetName=NetQ4_1 Pin=Q4-1
Added Pin To Net: NetName=NetQ4_1 Pin=R16-2
Added Net: Name=NetQ4_1
Added Pin To Net: NetName=NetQ5_1 Pin=Q5-1
Added Pin To Net: NetName=NetQ5_1 Pin=R22-2
Added Net: Name=NetQ5_1
Added Pin To Net: NetName=NetQ6_1 Pin=Q6-1
Added Pin To Net: NetName=NetQ6_1 Pin=R23-2
Added Net: Name=NetQ6_1
Added Pin To Net: NetName=NetQ7_1 Pin=Q7-1
Added Pin To Net: NetName=NetQ7_1 Pin=R29-2
Added Net: Name=NetQ7_1
Added Pin To Net: NetName=NetQ8_1 Pin=Q8-1
Added Pin To Net: NetName=NetQ8_1 Pin=R30-2
Added Net: Name=NetQ8_1
Added Pin To Net: NetName=NetR1_2 Pin=R1-2
Added Pin To Net: NetName=NetR1_2 Pin=R3-2
Added Net: Name=NetR1_2
Added Pin To Net: NetName=NetR5_1 Pin=R5-1
Added Pin To Net: NetName=NetR5_1 Pin=R6-1
Added Net: Name=NetR5_1
Added Pin To Net: NetName=VCC_ISO Pin=C1-2
Added Pin To Net: NetName=VCC_ISO Pin=J2-4
Added Pin To Net: NetName=VCC_ISO Pin=R2-2
Added Net: Name=VCC_ISO
Added Member To Class: ClassName=Bargraph_64_MCU Member=Component C8 100n/50 0603
Added Member To Class: ClassName=Bargraph_64_MCU Member=Component C9 100n/50 0603
Added Member To Class: ClassName=Bargraph_64_MCU Member=Component C10 10n/50 0603
Added Member To Class: ClassName=Bargraph_64_MCU Member=Component C11 10n/50 0603
Added Member To Class: ClassName=Bargraph_64_MCU Member=Component D3 BAS40
Added Member To Class: ClassName=Bargraph_64_MCU Member=Component D4 BAS40
Added Member To Class: ClassName=Bargraph_64_MCU Member=Component D5 BAS40-04LT1G
Added Member To Class: ClassName=Bargraph_64_MCU Member=Component D6 BAS40-04LT1G
Added Member To Class: ClassName=Bargraph_64_MCU Member=Component J4 16pin
Added Member To Class: ClassName=Bargraph_64_MCU Member=Component Q1 FDV303N
Added Member To Class: ClassName=Bargraph_64_MCU Member=Component Q2 FDV303N
Added Member To Class: ClassName=Bargraph_64_MCU Member=Component Q3 FDV303N
Added Member To Class: ClassName=Bargraph_64_MCU Member=Component Q4 FDV303N
Added Member To Class: ClassName=Bargraph_64_MCU Member=Component Q5 FDV303N
Added Member To Class: ClassName=Bargraph_64_MCU Member=Component Q6 FDV303N
Added Member To Class: ClassName=Bargraph_64_MCU Member=Component Q7 FDV303N
Added Member To Class: ClassName=Bargraph_64_MCU Member=Component Q8 FDV303N
Added Member To Class: ClassName=Bargraph_64_MCU Member=Component R5 1k 5% 0603
Added Member To Class: ClassName=Bargraph_64_MCU Member=Component R6 CF18JT2K20
Added Member To Class: ClassName=Bargraph_64_MCU Member=Component R7 330R 0603
Added Member To Class: ClassName=Bargraph_64_MCU Member=Component R8 82R 0603
Added Member To Class: ClassName=Bargraph_64_MCU Member=Component R9 330R 0603
Added Member To Class: ClassName=Bargraph_64_MCU Member=Component R10 82R 0603
Added Member To Class: ClassName=Bargraph_64_MCU Member=Component R11 330R 0603
Added Member To Class: ClassName=Bargraph_64_MCU Member=Component R12 330R 0603
Added Member To Class: ClassName=Bargraph_64_MCU Member=Component R13 330R 0603
Added Member To Class: ClassName=Bargraph_64_MCU Member=Component R14 330R 0603
Added Member To Class: ClassName=Bargraph_64_MCU Member=Component R15 82R 0603
Added Member To Class: ClassName=Bargraph_64_MCU Member=Component R16 82R 0603
Added Member To Class: ClassName=Bargraph_64_MCU Member=Component R17 330R 0603
Added Member To Class: ClassName=Bargraph_64_MCU Member=Component R18 330R 0603
Added Member To Class: ClassName=Bargraph_64_MCU Member=Component R19 330R 0603
Added Member To Class: ClassName=Bargraph_64_MCU Member=Component R20 330R 0603
Added Member To Class: ClassName=Bargraph_64_MCU Member=Component R21 330R 0603
Added Member To Class: ClassName=Bargraph_64_MCU Member=Component R22 82R 0603
Added Member To Class: ClassName=Bargraph_64_MCU Member=Component R23 82R 0603
Added Member To Class: ClassName=Bargraph_64_MCU Member=Component R24 330R 0603
Added Member To Class: ClassName=Bargraph_64_MCU Member=Component R25 2k 5% 0603
Added Member To Class: ClassName=Bargraph_64_MCU Member=Component R26 330R 0603
Added Member To Class: ClassName=Bargraph_64_MCU Member=Component R27 330R 0603
Added Member To Class: ClassName=Bargraph_64_MCU Member=Component R28 330R 0603
Added Member To Class: ClassName=Bargraph_64_MCU Member=Component R29 82R 0603
Added Member To Class: ClassName=Bargraph_64_MCU Member=Component R30 82R 0603
Added Member To Class: ClassName=Bargraph_64_MCU Member=Component R31 330R 0603
Added Member To Class: ClassName=Bargraph_64_MCU Member=Component R32 330R 0603
Added Member To Class: ClassName=Bargraph_64_MCU Member=Component R33 330R 0603
Added Member To Class: ClassName=Bargraph_64_MCU Member=Component R34 330R 0603
Added Member To Class: ClassName=Bargraph_64_MCU Member=Component R35 330R 0603
Added Member To Class: ClassName=Bargraph_64_MCU Member=Component R36 330R 0603
Added Member To Class: ClassName=Bargraph_64_MCU Member=Component R37 330R 0603
Added Member To Class: ClassName=Bargraph_64_MCU Member=Component R38 330R 0603
Added Member To Class: ClassName=Bargraph_64_MCU Member=Component R39 330R 0603
Added Member To Class: ClassName=Bargraph_64_MCU Member=Component R40 330R 0603
Added Member To Class: ClassName=Bargraph_64_MCU Member=Component SB1 0R
Added Member To Class: ClassName=Bargraph_64_MCU Member=Component SB2 0R
Added Member To Class: ClassName=Bargraph_64_MCU Member=Component SB3 0R
Added Member To Class: ClassName=Bargraph_64_MCU Member=Component SB4 0R
Added Room: Name=Bargraph_64_MCU
